* installing *source* package 'essentials' ...
** using staged installation
** libs

*** arch - i386
"C:/rtools40/mingw32/bin/"gcc  -I"C:/PROGRA~1/R/R-4.1.2/include" -DNDEBUG          -O2 -Wall  -std=gnu99 -mfpmath=sse -msse2 -mstackrealign  -c GeneralizedExtremeValue.c -o GeneralizedExtremeValue.o
"C:/rtools40/mingw32/bin/"gcc  -I"C:/PROGRA~1/R/R-4.1.2/include" -DNDEBUG          -O2 -Wall  -std=gnu99 -mfpmath=sse -msse2 -mstackrealign  -c Runge-KuttaMethods.c -o Runge-KuttaMethods.o
"C:/rtools40/mingw32/bin/"gcc  -I"C:/PROGRA~1/R/R-4.1.2/include" -DNDEBUG          -O2 -Wall  -std=gnu99 -mfpmath=sse -msse2 -mstackrealign  -c dowhile.c -o dowhile.o
"C:/rtools40/mingw32/bin/"gcc  -I"C:/PROGRA~1/R/R-4.1.2/include" -DNDEBUG          -O2 -Wall  -std=gnu99 -mfpmath=sse -msse2 -mstackrealign  -c envvars.c -o envvars.o
"C:/rtools40/mingw32/bin/"gcc  -I"C:/PROGRA~1/R/R-4.1.2/include" -DNDEBUG          -O2 -Wall  -std=gnu99 -mfpmath=sse -msse2 -mstackrealign  -c hypot.c -o hypot.o
"C:/rtools40/mingw32/bin/"gcc  -I"C:/PROGRA~1/R/R-4.1.2/include" -DNDEBUG          -O2 -Wall  -std=gnu99 -mfpmath=sse -msse2 -mstackrealign  -c init.c -o init.o
"C:/rtools40/mingw32/bin/"gcc  -I"C:/PROGRA~1/R/R-4.1.2/include" -DNDEBUG          -O2 -Wall  -std=gnu99 -mfpmath=sse -msse2 -mstackrealign  -c isMissingArg.c -o isMissingArg.o
"C:/rtools40/mingw32/bin/"gcc  -I"C:/PROGRA~1/R/R-4.1.2/include" -DNDEBUG          -O2 -Wall  -std=gnu99 -mfpmath=sse -msse2 -mstackrealign  -c mfor.c -o mfor.o
"C:/rtools40/mingw32/bin/"gcc  -I"C:/PROGRA~1/R/R-4.1.2/include" -DNDEBUG          -O2 -Wall  -std=gnu99 -mfpmath=sse -msse2 -mstackrealign  -c plapply.c -o plapply.o
"C:/rtools40/mingw32/bin/"gcc  -I"C:/PROGRA~1/R/R-4.1.2/include" -DNDEBUG          -O2 -Wall  -std=gnu99 -mfpmath=sse -msse2 -mstackrealign  -c rk.c -o rk.o
"C:/rtools40/mingw32/bin/"gcc  -I"C:/PROGRA~1/R/R-4.1.2/include" -DNDEBUG          -O2 -Wall  -std=gnu99 -mfpmath=sse -msse2 -mstackrealign  -c rowmatch.c -o rowmatch.o
"C:/rtools40/mingw32/bin/"gcc  -I"C:/PROGRA~1/R/R-4.1.2/include" -DNDEBUG          -O2 -Wall  -std=gnu99 -mfpmath=sse -msse2 -mstackrealign  -c scalars.c -o scalars.o
"C:/rtools40/mingw32/bin/"gcc  -I"C:/PROGRA~1/R/R-4.1.2/include" -DNDEBUG          -O2 -Wall  -std=gnu99 -mfpmath=sse -msse2 -mstackrealign  -c seq.c -o seq.o
"C:/rtools40/mingw32/bin/"gcc  -I"C:/PROGRA~1/R/R-4.1.2/include" -DNDEBUG          -O2 -Wall  -std=gnu99 -mfpmath=sse -msse2 -mstackrealign  -c testing.c -o testing.o
"C:/rtools40/mingw32/bin/"gcc  -I"C:/PROGRA~1/R/R-4.1.2/include" -DNDEBUG          -O2 -Wall  -std=gnu99 -mfpmath=sse -msse2 -mstackrealign  -c tryExcept.c -o tryExcept.o
C:/rtools40/mingw32/bin/gcc -shared -s -static-libgcc -o essentials.dll tmp.def GeneralizedExtremeValue.o Runge-KuttaMethods.o dowhile.o envvars.o hypot.o init.o isMissingArg.o mfor.o plapply.o rk.o rowmatch.o scalars.o seq.o testing.o tryExcept.o -LC:/PROGRA~1/R/R-4.1.2/bin/i386 -lR
Error in system(sprintf("%s -Pg %s", nm, shQuote(f)), intern = TRUE) : 
  '""' not found
Calls: <Anonymous> -> lapply -> FUN -> strsplit -> system
Execution halted
make: *** [C:/PROGRA~1/R/R-4.1.2/share/make/winshlib.mk:35: symbols.rds] Error 1
installing to C:/Users/andre/Documents/essentials/essentials.Rcheck/00LOCK-essentials/00new/essentials/libs/i386

*** arch - x64
"C:/rtools40/mingw64/bin/"gcc  -I"C:/PROGRA~1/R/R-4.1.2/include" -DNDEBUG          -O2 -Wall  -std=gnu99 -mfpmath=sse -msse2 -mstackrealign  -c GeneralizedExtremeValue.c -o GeneralizedExtremeValue.o
"C:/rtools40/mingw64/bin/"gcc  -I"C:/PROGRA~1/R/R-4.1.2/include" -DNDEBUG          -O2 -Wall  -std=gnu99 -mfpmath=sse -msse2 -mstackrealign  -c Runge-KuttaMethods.c -o Runge-KuttaMethods.o
"C:/rtools40/mingw64/bin/"gcc  -I"C:/PROGRA~1/R/R-4.1.2/include" -DNDEBUG          -O2 -Wall  -std=gnu99 -mfpmath=sse -msse2 -mstackrealign  -c dowhile.c -o dowhile.o
"C:/rtools40/mingw64/bin/"gcc  -I"C:/PROGRA~1/R/R-4.1.2/include" -DNDEBUG          -O2 -Wall  -std=gnu99 -mfpmath=sse -msse2 -mstackrealign  -c envvars.c -o envvars.o
"C:/rtools40/mingw64/bin/"gcc  -I"C:/PROGRA~1/R/R-4.1.2/include" -DNDEBUG          -O2 -Wall  -std=gnu99 -mfpmath=sse -msse2 -mstackrealign  -c hypot.c -o hypot.o
"C:/rtools40/mingw64/bin/"gcc  -I"C:/PROGRA~1/R/R-4.1.2/include" -DNDEBUG          -O2 -Wall  -std=gnu99 -mfpmath=sse -msse2 -mstackrealign  -c init.c -o init.o
"C:/rtools40/mingw64/bin/"gcc  -I"C:/PROGRA~1/R/R-4.1.2/include" -DNDEBUG          -O2 -Wall  -std=gnu99 -mfpmath=sse -msse2 -mstackrealign  -c isMissingArg.c -o isMissingArg.o
"C:/rtools40/mingw64/bin/"gcc  -I"C:/PROGRA~1/R/R-4.1.2/include" -DNDEBUG          -O2 -Wall  -std=gnu99 -mfpmath=sse -msse2 -mstackrealign  -c mfor.c -o mfor.o
"C:/rtools40/mingw64/bin/"gcc  -I"C:/PROGRA~1/R/R-4.1.2/include" -DNDEBUG          -O2 -Wall  -std=gnu99 -mfpmath=sse -msse2 -mstackrealign  -c plapply.c -o plapply.o
"C:/rtools40/mingw64/bin/"gcc  -I"C:/PROGRA~1/R/R-4.1.2/include" -DNDEBUG          -O2 -Wall  -std=gnu99 -mfpmath=sse -msse2 -mstackrealign  -c rk.c -o rk.o
"C:/rtools40/mingw64/bin/"gcc  -I"C:/PROGRA~1/R/R-4.1.2/include" -DNDEBUG          -O2 -Wall  -std=gnu99 -mfpmath=sse -msse2 -mstackrealign  -c rowmatch.c -o rowmatch.o
"C:/rtools40/mingw64/bin/"gcc  -I"C:/PROGRA~1/R/R-4.1.2/include" -DNDEBUG          -O2 -Wall  -std=gnu99 -mfpmath=sse -msse2 -mstackrealign  -c scalars.c -o scalars.o
"C:/rtools40/mingw64/bin/"gcc  -I"C:/PROGRA~1/R/R-4.1.2/include" -DNDEBUG          -O2 -Wall  -std=gnu99 -mfpmath=sse -msse2 -mstackrealign  -c seq.c -o seq.o
"C:/rtools40/mingw64/bin/"gcc  -I"C:/PROGRA~1/R/R-4.1.2/include" -DNDEBUG          -O2 -Wall  -std=gnu99 -mfpmath=sse -msse2 -mstackrealign  -c testing.c -o testing.o
"C:/rtools40/mingw64/bin/"gcc  -I"C:/PROGRA~1/R/R-4.1.2/include" -DNDEBUG          -O2 -Wall  -std=gnu99 -mfpmath=sse -msse2 -mstackrealign  -c tryExcept.c -o tryExcept.o
C:/rtools40/mingw64/bin/gcc -shared -s -static-libgcc -o essentials.dll tmp.def GeneralizedExtremeValue.o Runge-KuttaMethods.o dowhile.o envvars.o hypot.o init.o isMissingArg.o mfor.o plapply.o rk.o rowmatch.o scalars.o seq.o testing.o tryExcept.o -LC:/PROGRA~1/R/R-4.1.2/bin/x64 -lR
Error in system(sprintf("%s -Pg %s", nm, shQuote(f)), intern = TRUE) : 
  '""' not found
Calls: <Anonymous> -> lapply -> FUN -> strsplit -> system
Execution halted
make: *** [C:/PROGRA~1/R/R-4.1.2/share/make/winshlib.mk:35: symbols.rds] Error 1
installing to C:/Users/andre/Documents/essentials/essentials.Rcheck/00LOCK-essentials/00new/essentials/libs/x64
** R
** inst
** byte-compile and prepare package for lazy loading
** help
*** installing help indices
** building package indices
** installing vignettes
** testing if installed package can be loaded from temporary location
*** arch - i386
*** arch - x64
** testing if installed package can be loaded from final location
*** arch - i386
*** arch - x64
** testing if installed package keeps a record of temporary installation path
* DONE (essentials)
